8304-INFO-[is_island_bridge_path: xi=1, si=4]
8304-INFO-[is_island_bridge_path:xi=1, si=4] path=[('1', '2', '21'), ('2', '3', '32'), ('3', '4', '43')]
8304-INFO-[is_island_bridge_path: xi=5, si=6]
8304-INFO-[is_island_bridge_path:xi=5, si=6] path=[('5', '6', '65')]
8304-INFO-[is_island_bridge_path: xi=7, si=9]
8304-INFO-[is_island_bridge_path:xi=7, si=9] path=[('7', '8', '78'), ('8', '9', '89')]
8304-INFO-[is_island_bridge_path: xi=10, si=13]
8304-INFO-[is_island_bridge_path: xi=14, si=15]
8304-INFO-[is_island_bridge_path:xi=14, si=15] path=[('14', '15', '1514')]
8304-INFO-[is_island_bridge_path: xi=16, si=18]
8304-INFO-[is_island_bridge_path: xi=19, si=21]
8304-INFO-[is_island_bridge_path:xi=19, si=21] path=[('19', '20', '2019'), ('20', '21', '2120')]
8304-INFO-[is_island_bridge_path: xi=22, si=26]
8304-INFO-[is_island_bridge_path:xi=22, si=26] path=[('22', '23', '2223'), ('23', '24', '2324'), ('24', '25', '2425'), ('25', '26', '2625')]
8304-INFO-[is_island_bridge_path: xi=27, si=30]
8304-INFO-[is_island_bridge_path: xi=31, si=34]
8304-INFO-[is_island_bridge_path: xi=35, si=39]
8304-INFO-[is_island_bridge_path:xi=35, si=39] path=[('35', '36', '3536'), ('36', '37', '3637'), ('37', '38', '3837'), ('38', '39', '3938')]
8304-INFO-[is_island_bridge_path: xi=40, si=44]
8304-INFO-[is_island_bridge_path:xi=40, si=44] path=[('40', '41', '4041'), ('41', '42', '4241'), ('42', '43', '4342'), ('43', '44', '4443')]
8304-INFO-[is_island_bridge_path: xi=45, si=49]
8304-INFO-[is_island_bridge_path: xi=1, si=4]
8304-INFO-[is_island_bridge_path:xi=1, si=4] path=[('1', '2', '21'), ('2', '3', '32'), ('3', '4', '34')]
8304-INFO-[is_island_bridge_path: xi=5, si=7]
8304-INFO-[is_island_bridge_path:xi=5, si=7] path=[('5', '6', '56'), ('6', '7', '67')]
8304-INFO-[is_island_bridge_path: xi=8, si=11]
8304-INFO-[is_island_bridge_path:xi=8, si=11] path=[('8', '9', '98'), ('9', '10', '109'), ('10', '11', '1011')]
8304-INFO-[is_island_bridge_path: xi=12, si=18]
8304-INFO-[is_island_bridge_path:xi=12, si=18] path=[('12', '13', '1312'), ('13', '14', '1413'), ('14', '15', '1415'), ('15', '16', '1516'), ('16', '17', '1716'), ('17', '18', '1817')]
